<?xml version="1.0" encoding="UTF-8"?>
<!-- Generated by org.testng.reporters.JUnitReportReporter -->
<testsuite hostname="DESKTOP-KFSKP86" name="launchbrowser.TestNG_Demo" tests="1" failures="0" timestamp="24 Jun 2022 20:25:57 GMT" time="4.360" errors="0">
  <testcase name="search" time="4.360" classname="launchbrowser.TestNG_Demo"/>
</testsuite> <!-- launchbrowser.TestNG_Demo -->
